Mplus VERSION 8.3
MUTHEN & MUTHEN
02/25/2023   2:35 AM

INPUT INSTRUCTIONS

  title: MNLFA on LSAC;
    data: file is 'LSAC_monograph.csv';
    !variable names given here only (not in data file)
    variable: names are
    hicid cohort wave  aweight aweights stratum  pcodes zf12m2
    ascagew zf02m1 Item1 Item2 Item3 Item4 Item5 Item6 mom male agegroup;
    usevariables = Item1 Item2 Item3 Item4 Item5 Item6;
    categorical are Item1 Item2 Item3 Item4 Item5 Item6;
    class is c(4);
    knownclass is c(agegroup=1 agegroup=2 agegroup=3 agegroup=4);
    missing=all(-55555); !missing indicator. We used "-55555" to indicate missing
    weight=aweight; ! sample weights
    stratification=stratum; ! stratum & postal code are used to account for sample design
    cluster=pcodes;
    analysis:
    type = mixture complex;
    algorithm = integration;
    model:

    %OVERALL%
    f BY item1*(L1);
    f BY item2;
    f BY item3;
    f BY item4;
    f BY item5;
    f BY item6;

    [item1$1] (T1_1);
    [item1$2] (T1_2);
    [item2$1];
    [item2$2];
    [item3$1];
    [item3$2];
    [item3$3];
    [item3$4];
    [item4$1];
    [item4$2];
    [item5$1];
    [item5$2];
    [item6$1];
    [item6$2];

    [f];
    f;

    %c#1%
    f BY item1*(L1);
    f BY item2*(L_21);
    f BY item3*(L_31);
    f BY item4*(L_41);
    f BY item5*(L_51);
    f BY item6*(L_61);

    [item1$1] (T1_1);
    [item1$2] (T1_2);
    [item2$1] (T2_1_1);
    [item2$2] (T2_2_1);
    [item3$1] (T3_1_1);
    [item3$2] (T3_2_1);
    [item3$3] (T3_3_1);
    [item3$4] (T3_4_1);
    [item4$1] (T4_1_1);
    [item4$2] (T4_2_1);
    [item5$1] (T5_1_1);
    [item5$2] (T5_2_1);
    [item6$1] (T6_1_1);
    [item6$2] (T6_2_1);

    [f@0];
    f@1;

   %c#2%
    f BY item1*(L1);
    f BY item2*(L_22);
    f BY item3*(L_32);
    f BY item4*(L_42);
    f BY item5*(L_52);
    f BY item6*(L_62);

    [item1$1] (T1_1);
    [item1$2] (T1_2);
    [item2$1] (T2_1_2);
    [item2$2] (T2_2_2);
    [item3$1] (T3_1_2);
    [item3$2] (T3_2_2);
    [item3$3] (T3_3_2);
    [item3$4] (T3_4_2);
    [item4$1] (T4_1_2);
    [item4$2] (T4_2_2);
    [item5$1] (T5_1_2);
    [item5$2] (T5_2_2);
    [item6$1] (T6_1_2);
    [item6$2] (T6_2_2);

    [f];
    f;


    %c#3%
    f BY item1*(L1);
    f BY item2*(L_23);
    f BY item3*(L_33);
    f BY item4*(L_43);
    f BY item5*(L_53);
    f BY item6*(L_63);

    [item1$1] (T1_1);
    [item1$2] (T1_2);
    [item2$1] (T2_1_3);
    [item2$2] (T2_2_3);
    [item3$1] (T3_1_3);
    [item3$2] (T3_2_3);
    [item3$3] (T3_3_3);
    [item3$4] (T3_4_3);
    [item4$1] (T4_1_3);
    [item4$2] (T4_2_3);
    [item5$1] (T5_1_3);
    [item5$2] (T5_2_3);
    [item6$1] (T6_1_3);
    [item6$2] (T6_2_3);

    [f@0];
    f@1;

   %c#4%
    f BY item1*(L1);
    f BY item2*(L_24);
    f BY item3*(L_34);
    f BY item4*(L_44);
    f BY item5*(L_54);
    f BY item6*(L_64);

    [item1$1] (T1_1);
    [item1$2] (T1_2);
    [item2$1] (T2_1_4);
    [item2$2] (T2_2_4);
    [item3$1] (T3_1_4);
    [item3$2] (T3_2_4);
    [item3$3] (T3_3_4);
    [item3$4] (T3_4_4);
    [item4$1] (T4_1_4);
    [item4$2] (T4_2_4);
    [item5$1] (T5_1_4);
    [item5$2] (T5_2_4);
    [item6$1] (T6_1_4);
    [item6$2] (T6_2_4);

    [f];
    f;


    MODEL CONSTRAINT:
    NEW(T2_dif_g2 T3_dif_g2 T4_dif_g2 T5_dif_g2 T6_dif_g2
    T2_dif_g3 T3_dif_g3 T4_dif_g3 T5_dif_g3 T6_dif_g3
    T2_dif_g4 T3_dif_g4 T4_dif_g4 T5_dif_g4 T6_dif_g4
    );
    !DIF effects for group 2
    T2_1_2 = T2_1_1 + T2_dif_g2;
    T2_2_2 = T2_2_1 + T2_dif_g2;
    T3_1_2 = T3_1_1 + T3_dif_g2;
    T3_2_2 = T3_2_1 + T3_dif_g2;
    T3_3_2 = T3_3_1 + T3_dif_g2;
    T3_4_2 = T3_4_1 + T3_dif_g2;
    T4_1_2 = T4_1_1 + T4_dif_g2;
    T4_2_2 = T4_2_1 + T4_dif_g2;
    T5_1_2 = T5_1_1 + T5_dif_g2;
    T5_2_2 = T5_2_1 + T5_dif_g2;
    T6_1_2 = T6_1_1 + T6_dif_g2;
    T6_2_2 = T6_2_1 + T6_dif_g2;

    !DIF effects for group 3
    T2_1_3 = T2_1_1 + T2_dif_g3;
    T2_2_3 = T2_2_1 + T2_dif_g3;
    T3_1_3 = T3_1_1 + T3_dif_g3;
    T3_2_3 = T3_2_1 + T3_dif_g3;
    T3_3_3 = T3_3_1 + T3_dif_g3;
    T3_4_3 = T3_4_1 + T3_dif_g3;
    T4_1_3 = T4_1_1 + T4_dif_g3;
    T4_2_3 = T4_2_1 + T4_dif_g3;
    T5_1_3 = T5_1_1 + T5_dif_g3;
    T5_2_3 = T5_2_1 + T5_dif_g3;
    T6_1_3 = T6_1_1 + T6_dif_g3;
    T6_2_3 = T6_2_1 + T6_dif_g3;

    !DIF effects for group 4
    T2_1_4 = T2_1_1 + T2_dif_g4;
    T2_2_4 = T2_2_1 + T2_dif_g4;
    T3_1_4 = T3_1_1 + T3_dif_g4;
    T3_2_4 = T3_2_1 + T3_dif_g4;
    T3_3_4 = T3_3_1 + T3_dif_g4;
    T3_4_4 = T3_4_1 + T3_dif_g4;
    T4_1_4 = T4_1_1 + T4_dif_g4;
    T4_2_4 = T4_2_1 + T4_dif_g4;
    T5_1_4 = T5_1_1 + T5_dif_g4;
    T5_2_4 = T5_2_1 + T5_dif_g4;
    T6_1_4 = T6_1_1 + T6_dif_g4;
    T6_2_4 = T6_2_1 + T6_dif_g4;



*** WARNING
  Data set contains cases with missing on all variables.
  These cases were not included in the analysis.
  Number of cases with missing on all variables:  761
   1 WARNING(S) FOUND IN THE INPUT INSTRUCTIONS



MNLFA on LSAC;

SUMMARY OF ANALYSIS

Number of groups                                                 1
Number of observations                                        4275

Number of dependent variables                                    6
Number of independent variables                                  0
Number of continuous latent variables                            1
Number of categorical latent variables                           1

Observed dependent variables

  Binary and ordered categorical (ordinal)
   ITEM1       ITEM2       ITEM3       ITEM4       ITEM5       ITEM6

Continuous latent variables
   F

Categorical latent variables
   C

  Knownclass            C

Variables with special functions

  Stratification        STRATUM
  Cluster variable      PCODES
  Weight variable       AWEIGHT

Estimator                                                      MLR
Information matrix                                        OBSERVED
Optimization Specifications for the Quasi-Newton Algorithm for
Continuous Outcomes
  Maximum number of iterations                                 100
  Convergence criterion                                  0.100D-05
Optimization Specifications for the EM Algorithm
  Maximum number of iterations                                 500
  Convergence criteria
    Loglikelihood change                                 0.100D-02
    Relative loglikelihood change                        0.100D-05
    Derivative                                           0.100D-02
Optimization Specifications for the M step of the EM Algorithm for
Categorical Latent variables
  Number of M step iterations                                    1
  M step convergence criterion                           0.100D-02
  Basis for M step termination                           ITERATION
Optimization Specifications for the M step of the EM Algorithm for
Censored, Binary or Ordered Categorical (Ordinal), Unordered
Categorical (Nominal) and Count Outcomes
  Number of M step iterations                                    1
  M step convergence criterion                           0.100D-02
  Basis for M step termination                           ITERATION
  Maximum value for logit thresholds                            15
  Minimum value for logit thresholds                           -15
  Minimum expected cell size for chi-square              0.100D-01
Maximum number of iterations for H1                           2000
Convergence criterion for H1                             0.100D-03
Optimization algorithm                                         EMA
Integration Specifications
  Type                                                    STANDARD
  Number of integration points                                  15
  Dimensions of numerical integration                            1
  Adaptive quadrature                                           ON
Link                                                         LOGIT
Cholesky                                                        ON

Input data file(s)
  LSAC_monograph.csv
Input data format  FREE


SUMMARY OF DATA

     Number of missing data patterns             9
     Number of y missing data patterns           0
     Number of u missing data patterns           9
     Number of strata                           23
     Number of clusters                        293


COVARIANCE COVERAGE OF DATA

Minimum covariance coverage value   0.100


     PROPORTION OF DATA PRESENT FOR U


           Covariance Coverage
              ITEM1         ITEM2         ITEM3         ITEM4         ITEM5
              ________      ________      ________      ________      ________
 ITEM1          1.000
 ITEM2          0.999         0.999
 ITEM3          0.996         0.996         0.996
 ITEM4          0.997         0.997         0.994         0.997
 ITEM5          0.997         0.997         0.994         0.995         0.997
 ITEM6          0.999         0.998         0.996         0.997         0.996


           Covariance Coverage
              ITEM6
              ________
 ITEM6          0.999


UNIVARIATE PROPORTIONS AND COUNTS FOR CATEGORICAL VARIABLES

    ITEM1
      Category 1    0.014           59.603
      Category 2    0.213          909.167
      Category 3    0.773         3305.380
    ITEM2
      Category 1    0.061          262.561
      Category 2    0.422         1802.066
      Category 3    0.517         2208.357
    ITEM3
      Category 1    0.017           71.753
      Category 2    0.039          164.410
      Category 3    0.146          622.482
      Category 4    0.397         1691.457
      Category 5    0.401         1708.188
    ITEM4
      Category 1    0.093          397.602
      Category 2    0.497         2118.733
      Category 3    0.410         1747.545
    ITEM5
      Category 1    0.067          285.358
      Category 2    0.400         1706.668
      Category 3    0.533         2270.071
    ITEM6
      Category 1    0.057          242.034
      Category 2    0.349         1488.943
      Category 3    0.595         2538.554



     WARNING:  THE VARIANCE CONTRIBUTION FROM A STRATUM WITH A SINGLE CLUSTER
     (PSU) IS BASED ON THE DIFFERENCE BETWEEN THE SINGLE CLUSTER VALUE AND
     THE OVERALL CLUSTER MEAN.


THE MODEL ESTIMATION TERMINATED NORMALLY



MODEL FIT INFORMATION

Number of Free Parameters                       57

Loglikelihood

          H0 Value                      -24555.844
          H0 Scaling Correction Factor      1.1354
            for MLR

Information Criteria

          Akaike (AIC)                   49225.687
          Bayesian (BIC)                 49588.238
          Sample-Size Adjusted BIC       49407.115
            (n* = (n + 2) / 24)

Chi-Square Test of Model Fit for the Binary and Ordered Categorical
(Ordinal) Outcomes**

          Pearson Chi-Square

          Value                           4450.553
          Degrees of Freedom                  4775
          P-Value                           0.9997

          Likelihood Ratio Chi-Square

          Value                           2467.046
          Degrees of Freedom                  4775
          P-Value                           1.0000

** Of the 3207 cells in the latent class indicator table, 4
   were deleted in the calculation of chi-square due to extreme values.

Chi-Square Test for MCAR under the Unrestricted Latent Class Indicator Model

          Pearson Chi-Square

          Value                           1242.159
          Degrees of Freedom                  7933
          P-Value                           1.0000

          Likelihood Ratio Chi-Square

          Value                            478.597
          Degrees of Freedom                  7933
          P-Value                           1.0000



FINAL CLASS COUNTS AND PROPORTIONS FOR THE LATENT CLASSES
BASED ON THE ESTIMATED MODEL

    Latent
   Classes

       1       1082.91514          0.25331
       2       1179.01445          0.27579
       3       1029.58744          0.24084
       4        983.48296          0.23005


MODEL RESULTS

                                                    Two-Tailed
                    Estimate       S.E.  Est./S.E.    P-Value

Latent Class 1 (1)

 F        BY
    ITEM1              3.217      0.196     16.454      0.000
    ITEM2              2.458      0.150     16.365      0.000
    ITEM3              1.962      0.101     19.336      0.000
    ITEM4              3.416      0.200     17.061      0.000
    ITEM5              2.260      0.136     16.569      0.000
    ITEM6              2.021      0.158     12.800      0.000

 Means
    F                  0.000      0.000    999.000    999.000

 Thresholds
    ITEM1$1           -7.812      0.327    -23.875      0.000
    ITEM1$2           -2.899      0.170    -17.072      0.000
    ITEM2$1           -4.454      0.174    -25.659      0.000
    ITEM2$2           -0.051      0.107     -0.477      0.633
    ITEM3$1           -5.877      0.211    -27.911      0.000
    ITEM3$2           -4.449      0.152    -29.212      0.000
    ITEM3$3           -2.482      0.115    -21.541      0.000
    ITEM3$4            0.350      0.103      3.394      0.001
    ITEM4$1           -4.875      0.209    -23.340      0.000
    ITEM4$2            0.485      0.148      3.277      0.001
    ITEM5$1           -4.190      0.157    -26.708      0.000
    ITEM5$2           -0.320      0.110     -2.906      0.004
    ITEM6$1           -4.183      0.154    -27.232      0.000
    ITEM6$2           -0.707      0.112     -6.310      0.000

 Variances
    F                  1.000      0.000    999.000    999.000

Latent Class 2 (2)

 F        BY
    ITEM1              3.217      0.196     16.454      0.000
    ITEM2              2.893      0.263     11.010      0.000
    ITEM3              2.359      0.231     10.201      0.000
    ITEM4              3.715      0.375      9.908      0.000
    ITEM5              2.808      0.291      9.655      0.000
    ITEM6              2.153      0.258      8.356      0.000

 Means
    F                 -0.177      0.071     -2.492      0.013

 Thresholds
    ITEM1$1           -7.812      0.327    -23.875      0.000
    ITEM1$2           -2.899      0.170    -17.072      0.000
    ITEM2$1           -5.084      0.274    -18.524      0.000
    ITEM2$2           -0.681      0.237     -2.873      0.004
    ITEM3$1           -6.004      0.254    -23.606      0.000
    ITEM3$2           -4.576      0.235    -19.476      0.000
    ITEM3$3           -2.609      0.216    -12.078      0.000
    ITEM3$4            0.223      0.206      1.084      0.278
    ITEM4$1           -5.240      0.347    -15.121      0.000
    ITEM4$2            0.119      0.314      0.379      0.705
    ITEM5$1           -4.559      0.272    -16.750      0.000
    ITEM5$2           -0.689      0.244     -2.824      0.005
    ITEM6$1           -4.431      0.226    -19.604      0.000
    ITEM6$2           -0.954      0.195     -4.902      0.000

 Variances
    F                  0.705      0.131      5.392      0.000

Latent Class 3 (3)

 F        BY
    ITEM1              3.217      0.196     16.454      0.000
    ITEM2              2.488      0.160     15.531      0.000
    ITEM3              1.927      0.109     17.744      0.000
    ITEM4              2.860      0.160     17.917      0.000
    ITEM5              2.090      0.143     14.601      0.000
    ITEM6              2.114      0.145     14.620      0.000

 Means
    F                  0.000      0.000    999.000    999.000

 Thresholds
    ITEM1$1           -7.812      0.327    -23.875      0.000
    ITEM1$2           -2.899      0.170    -17.072      0.000
    ITEM2$1           -4.643      0.191    -24.323      0.000
    ITEM2$2           -0.241      0.131     -1.841      0.066
    ITEM3$1           -5.573      0.199    -28.051      0.000
    ITEM3$2           -4.145      0.152    -27.203      0.000
    ITEM3$3           -2.178      0.119    -18.325      0.000
    ITEM3$4            0.654      0.100      6.536      0.000
    ITEM4$1           -4.531      0.194    -23.345      0.000
    ITEM4$2            0.829      0.137      6.064      0.000
    ITEM5$1           -4.173      0.162    -25.689      0.000
    ITEM5$2           -0.303      0.118     -2.574      0.010
    ITEM6$1           -4.119      0.149    -27.718      0.000
    ITEM6$2           -0.643      0.118     -5.435      0.000

 Variances
    F                  1.000      0.000    999.000    999.000

Latent Class 4 (4)

 F        BY
    ITEM1              3.217      0.196     16.454      0.000
    ITEM2              2.672      0.256     10.417      0.000
    ITEM3              2.214      0.232      9.527      0.000
    ITEM4              3.394      0.381      8.902      0.000
    ITEM5              2.153      0.275      7.827      0.000
    ITEM6              2.183      0.236      9.238      0.000

 Means
    F                 -0.176      0.078     -2.245      0.025

 Thresholds
    ITEM1$1           -7.812      0.327    -23.875      0.000
    ITEM1$2           -2.899      0.170    -17.072      0.000
    ITEM2$1           -5.146      0.264    -19.508      0.000
    ITEM2$2           -0.743      0.221     -3.363      0.001
    ITEM3$1           -5.867      0.269    -21.789      0.000
    ITEM3$2           -4.438      0.237    -18.715      0.000
    ITEM3$3           -2.471      0.216    -11.449      0.000
    ITEM3$4            0.360      0.202      1.779      0.075
    ITEM4$1           -5.085      0.355    -14.315      0.000
    ITEM4$2            0.274      0.306      0.897      0.370
    ITEM5$1           -4.448      0.245    -18.186      0.000
    ITEM5$2           -0.578      0.210     -2.751      0.006
    ITEM6$1           -4.517      0.239    -18.883      0.000
    ITEM6$2           -1.040      0.213     -4.876      0.000

 Variances
    F                  0.716      0.135      5.296      0.000

Categorical Latent Variables

 Means
    C#1                0.096      0.062      1.561      0.119
    C#2                0.181      0.051      3.533      0.000
    C#3                0.046      0.046      1.001      0.317

New/Additional Parameters
    T2_DIF_G          -0.630      0.246     -2.556      0.011
    T3_DIF_G          -0.127      0.221     -0.575      0.566
    T4_DIF_G          -0.366      0.334     -1.094      0.274
    T5_DIF_G          -0.369      0.257     -1.435      0.151
    T6_DIF_G          -0.248      0.219     -1.130      0.258
    T2_DIF_G          -0.189      0.164     -1.155      0.248
    T3_DIF_G           0.304      0.136      2.227      0.026
    T4_DIF_G           0.344      0.184      1.870      0.061
    T5_DIF_G           0.017      0.148      0.114      0.909
    T6_DIF_G           0.064      0.150      0.428      0.669
    T2_DIF_G          -0.692      0.243     -2.847      0.004
    T3_DIF_G           0.010      0.220      0.047      0.963
    T4_DIF_G          -0.210      0.330     -0.637      0.524
    T5_DIF_G          -0.258      0.237     -1.090      0.276
    T6_DIF_G          -0.333      0.235     -1.416      0.157


QUALITY OF NUMERICAL RESULTS

     Condition Number for the Information Matrix              0.524E-03
       (ratio of smallest to largest eigenvalue)


     Beginning Time:  02:35:50
        Ending Time:  02:35:53
       Elapsed Time:  00:00:03



MUTHEN & MUTHEN
3463 Stoner Ave.
Los Angeles, CA  90066

Tel: (310) 391-9971
Fax: (310) 391-8971
Web: www.StatModel.com
Support: Support@StatModel.com

Copyright (c) 1998-2019 Muthen & Muthen
