Mplus VERSION 8.3
MUTHEN & MUTHEN
02/25/2023   2:34 AM

INPUT INSTRUCTIONS

  title: MNLFA on LSAC;
    data: file is 'LSAC_monograph.csv';
    !variable names given here only (not in data file)
    variable: names are
    hicid cohort wave  aweight aweights stratum  pcodes zf12m2
    ascagew zf02m1 Item1 Item2 Item3 Item4 Item5 Item6 mom male agegroup;
    usevariables = Item1 Item2 Item3 Item4 Item5 Item6
    age100 dad;
    categorical are Item1 Item2 Item3 Item4 Item5 Item6;
    constraint are age100 dad;
    missing=all(-55555); !missing indicator. We used "-55555" to indicate missing
    weight=aweight; ! sample weights
    stratification=stratum; ! stratum & postal code are used to account for sample design
    cluster=pcodes;
    define:
    age100 = ascagew/100;
    dad = (2 - (mom + 1));
    analysis:
    type = complex;
    algorithm = integration;
    model:

    f BY item1*(L1);
    f BY item2*(L2);
    f BY item3*(L3);
    f BY item4*(L4);
    f BY item5*(L5);
    f BY item6*(L6);


    item1 ON dad;
    item2 ON age100;
    item3 ON dad age100;
    item4 ON dad age100;
    item5 ON age100;

    [f@0];
    f(v);

    f ON dad;

  model constraint:
    new(
    L10 L12
    L40 L43
    L50 L53
    v2
    );

    L1 = L10 + L12*dad;
    L4 = L40 + L43*age100;
    L5 = L50 + L53*age100;

    v = exp(v2*dad);



*** WARNING
  Data set contains cases with missing on all variables except
  x-variables.  These cases were not included in the analysis.
  Number of cases with missing on all variables except x-variables:  761
   1 WARNING(S) FOUND IN THE INPUT INSTRUCTIONS



MNLFA on LSAC;

SUMMARY OF ANALYSIS

Number of groups                                                 1
Number of observations                                        4275

Number of dependent variables                                    6
Number of independent variables                                  2
Number of continuous latent variables                            1

Observed dependent variables

  Binary and ordered categorical (ordinal)
   ITEM1       ITEM2       ITEM3       ITEM4       ITEM5       ITEM6

Observed independent variables
   AGE100      DAD

Continuous latent variables
   F

Variables with special functions

  Stratification        STRATUM
  Cluster variable      PCODES
  Weight variable       AWEIGHT

Estimator                                                      MLR
Information matrix                                        OBSERVED
Optimization Specifications for the Quasi-Newton Algorithm for
Continuous Outcomes
  Maximum number of iterations                                 100
  Convergence criterion                                  0.100D-05
Optimization Specifications for the EM Algorithm
  Maximum number of iterations                                 500
  Convergence criteria
    Loglikelihood change                                 0.100D-02
    Relative loglikelihood change                        0.100D-05
    Derivative                                           0.100D-02
Optimization Specifications for the M step of the EM Algorithm for
Categorical Latent variables
  Number of M step iterations                                    1
  M step convergence criterion                           0.100D-02
  Basis for M step termination                           ITERATION
Optimization Specifications for the M step of the EM Algorithm for
Censored, Binary or Ordered Categorical (Ordinal), Unordered
Categorical (Nominal) and Count Outcomes
  Number of M step iterations                                    1
  M step convergence criterion                           0.100D-02
  Basis for M step termination                           ITERATION
  Maximum value for logit thresholds                            15
  Minimum value for logit thresholds                           -15
  Minimum expected cell size for chi-square              0.100D-01
Maximum number of iterations for H1                           2000
Convergence criterion for H1                             0.100D-03
Optimization algorithm                                         EMA
Integration Specifications
  Type                                                    STANDARD
  Number of integration points                                  15
  Dimensions of numerical integration                            1
  Adaptive quadrature                                           ON
Link                                                         LOGIT
Cholesky                                                        ON

Input data file(s)
  LSAC_monograph.csv
Input data format  FREE


SUMMARY OF DATA

     Number of missing data patterns             9
     Number of y missing data patterns           0
     Number of u missing data patterns           9
     Number of strata                           23
     Number of clusters                        293


COVARIANCE COVERAGE OF DATA

Minimum covariance coverage value   0.100


     PROPORTION OF DATA PRESENT FOR U


           Covariance Coverage
              ITEM1         ITEM2         ITEM3         ITEM4         ITEM5
              ________      ________      ________      ________      ________
 ITEM1          1.000
 ITEM2          0.999         0.999
 ITEM3          0.996         0.996         0.996
 ITEM4          0.997         0.997         0.994         0.997
 ITEM5          0.997         0.997         0.994         0.995         0.997
 ITEM6          0.999         0.998         0.996         0.997         0.996


           Covariance Coverage
              ITEM6
              ________
 ITEM6          0.999


UNIVARIATE PROPORTIONS AND COUNTS FOR CATEGORICAL VARIABLES

    ITEM1
      Category 1    0.014           59.603
      Category 2    0.213          909.167
      Category 3    0.773         3305.380
    ITEM2
      Category 1    0.061          262.561
      Category 2    0.422         1802.066
      Category 3    0.517         2208.357
    ITEM3
      Category 1    0.017           71.753
      Category 2    0.039          164.410
      Category 3    0.146          622.482
      Category 4    0.397         1691.457
      Category 5    0.401         1708.188
    ITEM4
      Category 1    0.093          397.602
      Category 2    0.497         2118.733
      Category 3    0.410         1747.545
    ITEM5
      Category 1    0.067          285.358
      Category 2    0.400         1706.668
      Category 3    0.533         2270.071
    ITEM6
      Category 1    0.057          242.034
      Category 2    0.349         1488.943
      Category 3    0.595         2538.554



UNIVARIATE SAMPLE STATISTICS


     UNIVARIATE HIGHER-ORDER MOMENT DESCRIPTIVE STATISTICS

         Variable/         Mean/     Skewness/   Minimum/ % with                Percentiles
        Sample Size      Variance    Kurtosis    Maximum  Min/Max      20%/60%    40%/80%    Median

     AGE100                0.401       0.180       0.140    0.16%       0.300      0.370      0.400
            4275.000       0.013      -0.013       1.030    0.02%       0.420      0.490
     DAD                   0.410       0.364       0.000   58.22%       0.000      0.000      0.000
            4275.000       0.242      -1.867       1.000   41.78%       1.000      1.000


     WARNING:  THE VARIANCE CONTRIBUTION FROM A STRATUM WITH A SINGLE CLUSTER
     (PSU) IS BASED ON THE DIFFERENCE BETWEEN THE SINGLE CLUSTER VALUE AND
     THE OVERALL CLUSTER MEAN.


THE MODEL ESTIMATION TERMINATED NORMALLY



MODEL FIT INFORMATION

Number of Free Parameters                       32

Loglikelihood

          H0 Value                      -18405.047
          H0 Scaling Correction Factor      1.1505
            for MLR

Information Criteria

          Akaike (AIC)                   36874.094
          Bayesian (BIC)                 37077.631
          Sample-Size Adjusted BIC       36975.948
            (n* = (n + 2) / 24)



MODEL RESULTS

                                                    Two-Tailed
                    Estimate       S.E.  Est./S.E.    P-Value

 F        BY
    ITEM1            999.000      0.000    999.000    999.000
    ITEM2              2.179      0.092     23.699      0.000
    ITEM3              1.698      0.066     25.836      0.000
    ITEM4            999.000      0.000    999.000    999.000
    ITEM5            999.000      0.000    999.000    999.000
    ITEM6              1.764      0.075     23.559      0.000

 F          ON
    DAD               -0.655      0.048    -13.572      0.000

 ITEM1      ON
    DAD               -0.958      0.275     -3.487      0.000

 ITEM2      ON
    AGE100             0.909      0.411      2.215      0.027

 ITEM3      ON
    DAD               -0.391      0.076     -5.133      0.000
    AGE100            -1.128      0.363     -3.107      0.002

 ITEM4      ON
    DAD               -0.539      0.116     -4.629      0.000
    AGE100            -1.216      0.498     -2.441      0.015

 ITEM5      ON
    AGE100            -0.511      0.462     -1.104      0.269

 Intercepts
    F                  0.000      0.000    999.000    999.000

 Thresholds
    ITEM1$1           -8.517      0.353    -24.130      0.000
    ITEM1$2           -3.725      0.233    -15.975      0.000
    ITEM2$1           -4.788      0.236    -20.264      0.000
    ITEM2$2           -0.380      0.179     -2.122      0.034
    ITEM3$1           -6.728      0.254    -26.475      0.000
    ITEM3$2           -5.286      0.209    -25.277      0.000
    ITEM3$3           -3.288      0.177    -18.590      0.000
    ITEM3$4           -0.451      0.165     -2.732      0.006
    ITEM4$1           -6.058      0.288    -21.046      0.000
    ITEM4$2           -0.655      0.227     -2.891      0.004
    ITEM5$1           -4.863      0.241    -20.142      0.000
    ITEM5$2           -0.965      0.216     -4.477      0.000
    ITEM6$1           -4.590      0.133    -34.469      0.000
    ITEM6$2           -1.100      0.073    -15.009      0.000

 Residual Variances
    F                999.000      0.000    999.000    999.000

New/Additional Parameters
    L10                2.996      0.213     14.064      0.000
    L12               -0.674      0.225     -3.000      0.003
    L40                3.288      0.256     12.826      0.000
    L43               -1.455      0.543     -2.683      0.007
    L50                2.599      0.224     11.583      0.000
    L53               -1.601      0.524     -3.058      0.002
    V2                 0.189      0.064      2.961      0.003


LOGISTIC REGRESSION ODDS RATIO RESULTS

                                         (Est. - 1) Two-Tailed
                    Estimate       S.E.     / S.E.    P-Value

 ITEM1      ON
    DAD                0.384      0.105     -5.847      0.000

 ITEM2      ON
    AGE100             2.483      1.019      1.455      0.146

 ITEM3      ON
    DAD                0.676      0.052     -6.283      0.000
    AGE100             0.324      0.118     -5.753      0.000

 ITEM4      ON
    DAD                0.584      0.068     -6.133      0.000
    AGE100             0.297      0.148     -4.765      0.000

 ITEM5      ON
    AGE100             0.600      0.277     -1.441      0.150


BRANT WALD TEST FOR PROPORTIONAL ODDS

                                   Degrees of
                      Chi-Square     Freedom   P-Value

  ITEM1
    Overall test           1.481         2      0.477
    AGE100                 0.214         1      0.644
    DAD                    1.278         1      0.258

  ITEM2
    Overall test          13.791         2      0.001
    AGE100                 5.214         1      0.022
    DAD                    8.934         1      0.003

  ITEM3
    Overall test          46.726         6      0.000
    AGE100                 3.105         3      0.376
    DAD                   43.841         3      0.000

  ITEM4
    Overall test          24.915         2      0.000
    AGE100                12.742         1      0.000
    DAD                   12.678         1      0.000

  ITEM5
    Overall test          50.056         2      0.000
    AGE100                 8.940         1      0.003
    DAD                   42.178         1      0.000

  ITEM6
    Overall test          27.391         2      0.000
    AGE100                 4.674         1      0.031
    DAD                   23.209         1      0.000


QUALITY OF NUMERICAL RESULTS

     Condition Number for the Information Matrix              0.319E-03
       (ratio of smallest to largest eigenvalue)


     Beginning Time:  02:34:16
        Ending Time:  02:34:29
       Elapsed Time:  00:00:13



MUTHEN & MUTHEN
3463 Stoner Ave.
Los Angeles, CA  90066

Tel: (310) 391-9971
Fax: (310) 391-8971
Web: www.StatModel.com
Support: Support@StatModel.com

Copyright (c) 1998-2019 Muthen & Muthen
